{"/home/charlycooper/Documents/react/antDesign/nova-blocks/button-basic/src/index.tsx": {"path":"/home/charlycooper/Documents/react/antDesign/nova-blocks/button-basic/src/index.tsx","statementMap":{"0":{"start":{"line":5,"column":21},"end":{"line":16,"column":1}},"1":{"start":{"line":6,"column":2},"end":{"line":15,"column":8}}},"fnMap":{"0":{"name":"(anonymous_0)","decl":{"start":{"line":5,"column":21},"end":{"line":5,"column":22}},"loc":{"start":{"line":6,"column":2},"end":{"line":15,"column":8}},"line":6}},"branchMap":{},"s":{"0":1,"1":6},"f":{"0":6},"b":{},"_coverageSchema":"43e27e138ebf9cfc5966b082cf9a028302ed4184","hash":"66de41e1b0fd3e3caaa0d858286d1e843cac4bf0"}
,"/home/charlycooper/Documents/react/antDesign/nova-blocks/button-block/src/index.tsx": {"path":"/home/charlycooper/Documents/react/antDesign/nova-blocks/button-block/src/index.tsx","statementMap":{"0":{"start":{"line":5,"column":21},"end":{"line":22,"column":1}},"1":{"start":{"line":6,"column":2},"end":{"line":21,"column":8}}},"fnMap":{"0":{"name":"(anonymous_0)","decl":{"start":{"line":5,"column":21},"end":{"line":5,"column":22}},"loc":{"start":{"line":6,"column":2},"end":{"line":21,"column":8}},"line":6}},"branchMap":{},"s":{"0":1,"1":6},"f":{"0":6},"b":{},"_coverageSchema":"43e27e138ebf9cfc5966b082cf9a028302ed4184","hash":"b2bd7db6463a2be105a3ef8d8b700ab3aa3b76e0"}
,"/home/charlycooper/Documents/react/antDesign/nova-blocks/footer-nbe/src/index.tsx": {"path":"/home/charlycooper/Documents/react/antDesign/nova-blocks/footer-nbe/src/index.tsx","statementMap":{"0":{"start":{"line":9,"column":28},"end":{"line":49,"column":1}},"1":{"start":{"line":10,"column":16},"end":{"line":10,"column":26}},"2":{"start":{"line":11,"column":30},"end":{"line":11,"column":49}},"3":{"start":{"line":13,"column":2},"end":{"line":48,"column":4}}},"fnMap":{"0":{"name":"(anonymous_0)","decl":{"start":{"line":9,"column":28},"end":{"line":9,"column":29}},"loc":{"start":{"line":9,"column":34},"end":{"line":49,"column":1}},"line":9}},"branchMap":{},"s":{"0":1,"1":8,"2":8,"3":8},"f":{"0":8},"b":{},"_coverageSchema":"43e27e138ebf9cfc5966b082cf9a028302ed4184","hash":"152f795e1b9ca241bdab194f69ee32c4d39d4107"}
,"/home/charlycooper/Documents/react/antDesign/nova-blocks/src/parse.js": {"path":"/home/charlycooper/Documents/react/antDesign/nova-blocks/src/parse.js","statementMap":{"0":{"start":{"line":5,"column":19},"end":{"line":5,"column":44}},"1":{"start":{"line":6,"column":19},"end":{"line":6,"column":44}},"2":{"start":{"line":7,"column":25},"end":{"line":7,"column":56}},"3":{"start":{"line":8,"column":24},"end":{"line":8,"column":49}},"4":{"start":{"line":9,"column":21},"end":{"line":9,"column":35}},"5":{"start":{"line":10,"column":20},"end":{"line":10,"column":56}},"6":{"start":{"line":11,"column":21},"end":{"line":11,"column":45}},"7":{"start":{"line":12,"column":30},"end":{"line":12,"column":51}},"8":{"start":{"line":13,"column":19},"end":{"line":13,"column":40}},"9":{"start":{"line":15,"column":17},"end":{"line":45,"column":1}},"10":{"start":{"line":16,"column":16},"end":{"line":16,"column":20}},"11":{"start":{"line":17,"column":15},"end":{"line":17,"column":37}},"12":{"start":{"line":19,"column":2},"end":{"line":21,"column":3}},"13":{"start":{"line":20,"column":4},"end":{"line":20,"column":24}},"14":{"start":{"line":23,"column":2},"end":{"line":28,"column":3}},"15":{"start":{"line":24,"column":17},"end":{"line":24,"column":39}},"16":{"start":{"line":25,"column":4},"end":{"line":27,"column":5}},"17":{"start":{"line":26,"column":6},"end":{"line":26,"column":26}},"18":{"start":{"line":30,"column":2},"end":{"line":32,"column":3}},"19":{"start":{"line":31,"column":4},"end":{"line":31,"column":14}},"20":{"start":{"line":33,"column":2},"end":{"line":35,"column":5}},"21":{"start":{"line":34,"column":4},"end":{"line":34,"column":41}},"22":{"start":{"line":38,"column":2},"end":{"line":38,"column":53}},"23":{"start":{"line":44,"column":2},"end":{"line":44,"column":17}},"24":{"start":{"line":47,"column":19},"end":{"line":77,"column":1}},"25":{"start":{"line":48,"column":16},"end":{"line":48,"column":20}},"26":{"start":{"line":49,"column":18},"end":{"line":49,"column":46}},"27":{"start":{"line":50,"column":2},"end":{"line":52,"column":3}},"28":{"start":{"line":51,"column":4},"end":{"line":51,"column":25}},"29":{"start":{"line":54,"column":2},"end":{"line":59,"column":3}},"30":{"start":{"line":55,"column":20},"end":{"line":55,"column":47}},"31":{"start":{"line":56,"column":4},"end":{"line":58,"column":5}},"32":{"start":{"line":57,"column":6},"end":{"line":57,"column":27}},"33":{"start":{"line":61,"column":2},"end":{"line":69,"column":3}},"34":{"start":{"line":62,"column":4},"end":{"line":68,"column":5}},"35":{"start":{"line":63,"column":6},"end":{"line":64,"column":106}},"36":{"start":{"line":66,"column":6},"end":{"line":67,"column":106}},"37":{"start":{"line":71,"column":2},"end":{"line":74,"column":3}},"38":{"start":{"line":72,"column":4},"end":{"line":72,"column":54}},"39":{"start":{"line":76,"column":2},"end":{"line":76,"column":17}},"40":{"start":{"line":79,"column":19},"end":{"line":86,"column":1}},"41":{"start":{"line":80,"column":14},"end":{"line":80,"column":16}},"42":{"start":{"line":81,"column":17},"end":{"line":81,"column":41}},"43":{"start":{"line":82,"column":2},"end":{"line":84,"column":3}},"44":{"start":{"line":83,"column":4},"end":{"line":83,"column":22}},"45":{"start":{"line":85,"column":2},"end":{"line":85,"column":15}},"46":{"start":{"line":88,"column":18},"end":{"line":95,"column":1}},"47":{"start":{"line":89,"column":13},"end":{"line":89,"column":15}},"48":{"start":{"line":90,"column":17},"end":{"line":90,"column":40}},"49":{"start":{"line":91,"column":2},"end":{"line":93,"column":3}},"50":{"start":{"line":92,"column":4},"end":{"line":92,"column":21}},"51":{"start":{"line":94,"column":2},"end":{"line":94,"column":14}},"52":{"start":{"line":97,"column":21},"end":{"line":97,"column":52}},"53":{"start":{"line":97,"column":29},"end":{"line":97,"column":52}},"54":{"start":{"line":99,"column":27},"end":{"line":106,"column":1}},"55":{"start":{"line":100,"column":22},"end":{"line":100,"column":24}},"56":{"start":{"line":101,"column":17},"end":{"line":101,"column":50}},"57":{"start":{"line":102,"column":2},"end":{"line":104,"column":3}},"58":{"start":{"line":103,"column":4},"end":{"line":103,"column":30}},"59":{"start":{"line":105,"column":2},"end":{"line":105,"column":23}},"60":{"start":{"line":108,"column":17},"end":{"line":115,"column":1}},"61":{"start":{"line":109,"column":12},"end":{"line":109,"column":15}},"62":{"start":{"line":110,"column":17},"end":{"line":110,"column":39}},"63":{"start":{"line":111,"column":2},"end":{"line":113,"column":3}},"64":{"start":{"line":112,"column":4},"end":{"line":112,"column":20}},"65":{"start":{"line":114,"column":2},"end":{"line":114,"column":27}},"66":{"start":{"line":117,"column":0},"end":{"line":125,"column":2}}},"fnMap":{"0":{"name":"(anonymous_0)","decl":{"start":{"line":15,"column":17},"end":{"line":15,"column":18}},"loc":{"start":{"line":15,"column":36},"end":{"line":45,"column":1}},"line":15},"1":{"name":"(anonymous_1)","decl":{"start":{"line":33,"column":71},"end":{"line":33,"column":72}},"loc":{"start":{"line":33,"column":87},"end":{"line":35,"column":3}},"line":33},"2":{"name":"(anonymous_2)","decl":{"start":{"line":47,"column":19},"end":{"line":47,"column":20}},"loc":{"start":{"line":47,"column":44},"end":{"line":77,"column":1}},"line":47},"3":{"name":"(anonymous_3)","decl":{"start":{"line":79,"column":19},"end":{"line":79,"column":20}},"loc":{"start":{"line":79,"column":27},"end":{"line":86,"column":1}},"line":79},"4":{"name":"(anonymous_4)","decl":{"start":{"line":88,"column":18},"end":{"line":88,"column":19}},"loc":{"start":{"line":88,"column":26},"end":{"line":95,"column":1}},"line":88},"5":{"name":"(anonymous_5)","decl":{"start":{"line":97,"column":21},"end":{"line":97,"column":22}},"loc":{"start":{"line":97,"column":29},"end":{"line":97,"column":52}},"line":97},"6":{"name":"(anonymous_6)","decl":{"start":{"line":99,"column":27},"end":{"line":99,"column":28}},"loc":{"start":{"line":99,"column":35},"end":{"line":106,"column":1}},"line":99},"7":{"name":"(anonymous_7)","decl":{"start":{"line":108,"column":17},"end":{"line":108,"column":18}},"loc":{"start":{"line":108,"column":25},"end":{"line":115,"column":1}},"line":108}},"branchMap":{"0":{"loc":{"start":{"line":15,"column":24},"end":{"line":15,"column":31}},"type":"default-arg","locations":[{"start":{"line":15,"column":29},"end":{"line":15,"column":31}}],"line":15},"1":{"loc":{"start":{"line":19,"column":2},"end":{"line":21,"column":3}},"type":"if","locations":[{"start":{"line":19,"column":2},"end":{"line":21,"column":3}},{"start":{"line":19,"column":2},"end":{"line":21,"column":3}}],"line":19},"2":{"loc":{"start":{"line":19,"column":6},"end":{"line":19,"column":33}},"type":"binary-expr","locations":[{"start":{"line":19,"column":6},"end":{"line":19,"column":12}},{"start":{"line":19,"column":16},"end":{"line":19,"column":33}}],"line":19},"3":{"loc":{"start":{"line":23,"column":2},"end":{"line":28,"column":3}},"type":"if","locations":[{"start":{"line":23,"column":2},"end":{"line":28,"column":3}},{"start":{"line":23,"column":2},"end":{"line":28,"column":3}}],"line":23},"4":{"loc":{"start":{"line":25,"column":4},"end":{"line":27,"column":5}},"type":"if","locations":[{"start":{"line":25,"column":4},"end":{"line":27,"column":5}},{"start":{"line":25,"column":4},"end":{"line":27,"column":5}}],"line":25},"5":{"loc":{"start":{"line":25,"column":8},"end":{"line":25,"column":35}},"type":"binary-expr","locations":[{"start":{"line":25,"column":8},"end":{"line":25,"column":14}},{"start":{"line":25,"column":18},"end":{"line":25,"column":35}}],"line":25},"6":{"loc":{"start":{"line":30,"column":2},"end":{"line":32,"column":3}},"type":"if","locations":[{"start":{"line":30,"column":2},"end":{"line":32,"column":3}},{"start":{"line":30,"column":2},"end":{"line":32,"column":3}}],"line":30},"7":{"loc":{"start":{"line":50,"column":2},"end":{"line":52,"column":3}},"type":"if","locations":[{"start":{"line":50,"column":2},"end":{"line":52,"column":3}},{"start":{"line":50,"column":2},"end":{"line":52,"column":3}}],"line":50},"8":{"loc":{"start":{"line":50,"column":6},"end":{"line":50,"column":35}},"type":"binary-expr","locations":[{"start":{"line":50,"column":6},"end":{"line":50,"column":13}},{"start":{"line":50,"column":17},"end":{"line":50,"column":35}}],"line":50},"9":{"loc":{"start":{"line":54,"column":2},"end":{"line":59,"column":3}},"type":"if","locations":[{"start":{"line":54,"column":2},"end":{"line":59,"column":3}},{"start":{"line":54,"column":2},"end":{"line":59,"column":3}}],"line":54},"10":{"loc":{"start":{"line":56,"column":4},"end":{"line":58,"column":5}},"type":"if","locations":[{"start":{"line":56,"column":4},"end":{"line":58,"column":5}},{"start":{"line":56,"column":4},"end":{"line":58,"column":5}}],"line":56},"11":{"loc":{"start":{"line":56,"column":8},"end":{"line":56,"column":37}},"type":"binary-expr","locations":[{"start":{"line":56,"column":8},"end":{"line":56,"column":15}},{"start":{"line":56,"column":19},"end":{"line":56,"column":37}}],"line":56},"12":{"loc":{"start":{"line":61,"column":2},"end":{"line":69,"column":3}},"type":"if","locations":[{"start":{"line":61,"column":2},"end":{"line":69,"column":3}},{"start":{"line":61,"column":2},"end":{"line":69,"column":3}}],"line":61},"13":{"loc":{"start":{"line":62,"column":4},"end":{"line":68,"column":5}},"type":"if","locations":[{"start":{"line":62,"column":4},"end":{"line":68,"column":5}},{"start":{"line":62,"column":4},"end":{"line":68,"column":5}}],"line":62},"14":{"loc":{"start":{"line":71,"column":2},"end":{"line":74,"column":3}},"type":"if","locations":[{"start":{"line":71,"column":2},"end":{"line":74,"column":3}},{"start":{"line":71,"column":2},"end":{"line":74,"column":3}}],"line":71},"15":{"loc":{"start":{"line":82,"column":2},"end":{"line":84,"column":3}},"type":"if","locations":[{"start":{"line":82,"column":2},"end":{"line":84,"column":3}},{"start":{"line":82,"column":2},"end":{"line":84,"column":3}}],"line":82},"16":{"loc":{"start":{"line":82,"column":6},"end":{"line":82,"column":33}},"type":"binary-expr","locations":[{"start":{"line":82,"column":6},"end":{"line":82,"column":12}},{"start":{"line":82,"column":16},"end":{"line":82,"column":33}}],"line":82},"17":{"loc":{"start":{"line":91,"column":2},"end":{"line":93,"column":3}},"type":"if","locations":[{"start":{"line":91,"column":2},"end":{"line":93,"column":3}},{"start":{"line":91,"column":2},"end":{"line":93,"column":3}}],"line":91},"18":{"loc":{"start":{"line":91,"column":6},"end":{"line":91,"column":33}},"type":"binary-expr","locations":[{"start":{"line":91,"column":6},"end":{"line":91,"column":12}},{"start":{"line":91,"column":16},"end":{"line":91,"column":33}}],"line":91},"19":{"loc":{"start":{"line":102,"column":2},"end":{"line":104,"column":3}},"type":"if","locations":[{"start":{"line":102,"column":2},"end":{"line":104,"column":3}},{"start":{"line":102,"column":2},"end":{"line":104,"column":3}}],"line":102},"20":{"loc":{"start":{"line":102,"column":6},"end":{"line":102,"column":33}},"type":"binary-expr","locations":[{"start":{"line":102,"column":6},"end":{"line":102,"column":12}},{"start":{"line":102,"column":16},"end":{"line":102,"column":33}}],"line":102},"21":{"loc":{"start":{"line":111,"column":2},"end":{"line":113,"column":3}},"type":"if","locations":[{"start":{"line":111,"column":2},"end":{"line":113,"column":3}},{"start":{"line":111,"column":2},"end":{"line":113,"column":3}}],"line":111},"22":{"loc":{"start":{"line":111,"column":6},"end":{"line":111,"column":33}},"type":"binary-expr","locations":[{"start":{"line":111,"column":6},"end":{"line":111,"column":12}},{"start":{"line":111,"column":16},"end":{"line":111,"column":33}}],"line":111}},"s":{"0":1,"1":1,"2":1,"3":1,"4":1,"5":1,"6":1,"7":1,"8":1,"9":1,"10":5,"11":5,"12":4,"13":2,"14":4,"15":2,"16":2,"17":0,"18":4,"19":2,"20":2,"21":2,"22":2,"23":2,"24":1,"25":8,"26":8,"27":7,"28":3,"29":7,"30":4,"31":4,"32":1,"33":7,"34":3,"35":1,"36":2,"37":7,"38":5,"39":7,"40":1,"41":2,"42":2,"43":1,"44":0,"45":1,"46":1,"47":2,"48":2,"49":1,"50":0,"51":1,"52":1,"53":1,"54":1,"55":1,"56":1,"57":1,"58":0,"59":1,"60":1,"61":1,"62":1,"63":1,"64":0,"65":1,"66":1},"f":{"0":5,"1":2,"2":8,"3":2,"4":2,"5":1,"6":1,"7":1},"b":{"0":[5],"1":[2,2],"2":[4,2],"3":[2,2],"4":[0,2],"5":[2,0],"6":[2,2],"7":[3,4],"8":[7,3],"9":[4,3],"10":[1,3],"11":[4,1],"12":[3,4],"13":[1,2],"14":[5,2],"15":[0,1],"16":[1,0],"17":[0,1],"18":[1,0],"19":[0,1],"20":[1,0],"21":[0,1],"22":[1,0]},"_coverageSchema":"43e27e138ebf9cfc5966b082cf9a028302ed4184","hash":"82ea426672551b14cf1e2017428420cfa111db36"}
}
