TN:
SF:/home/raquel/Escritorio/nova-blocks/button-basic/src/index.tsx
FN:5,(anonymous_0)
FNF:1
FNH:1
FNDA:6,(anonymous_0)
DA:5,1
DA:6,6
LF:2
LH:2
BRF:0
BRH:0
end_of_record
TN:
SF:/home/raquel/Escritorio/nova-blocks/button-block/src/index.tsx
FN:5,(anonymous_0)
FNF:1
FNH:1
FNDA:6,(anonymous_0)
DA:5,1
DA:6,6
LF:2
LH:2
BRF:0
BRH:0
end_of_record
TN:
SF:/home/raquel/Escritorio/nova-blocks/src/parse.js
FN:15,(anonymous_0)
FN:33,(anonymous_1)
FN:47,(anonymous_2)
FN:79,(anonymous_3)
FN:88,(anonymous_4)
FN:97,(anonymous_5)
FN:99,(anonymous_6)
FN:108,(anonymous_7)
FNF:8
FNH:8
FNDA:5,(anonymous_0)
FNDA:2,(anonymous_1)
FNDA:8,(anonymous_2)
FNDA:2,(anonymous_3)
FNDA:2,(anonymous_4)
FNDA:1,(anonymous_5)
FNDA:1,(anonymous_6)
FNDA:1,(anonymous_7)
DA:5,1
DA:6,1
DA:7,1
DA:8,1
DA:9,1
DA:10,1
DA:11,1
DA:12,1
DA:13,1
DA:15,1
DA:16,5
DA:17,5
DA:19,4
DA:20,2
DA:23,4
DA:24,2
DA:25,2
DA:26,0
DA:30,4
DA:31,2
DA:33,2
DA:34,2
DA:38,2
DA:44,2
DA:47,1
DA:48,8
DA:49,8
DA:50,7
DA:51,3
DA:54,7
DA:55,4
DA:56,4
DA:57,1
DA:61,7
DA:62,3
DA:63,1
DA:66,2
DA:71,7
DA:72,5
DA:76,7
DA:79,1
DA:80,2
DA:81,2
DA:82,1
DA:83,0
DA:85,1
DA:88,1
DA:89,2
DA:90,2
DA:91,1
DA:92,0
DA:94,1
DA:97,1
DA:99,1
DA:100,1
DA:101,1
DA:102,1
DA:103,0
DA:105,1
DA:108,1
DA:109,1
DA:110,1
DA:111,1
DA:112,0
DA:114,1
DA:117,1
LF:66
LH:61
BRDA:15,0,0,5
BRDA:19,1,0,2
BRDA:19,1,1,2
BRDA:19,2,0,4
BRDA:19,2,1,2
BRDA:23,3,0,2
BRDA:23,3,1,2
BRDA:25,4,0,0
BRDA:25,4,1,2
BRDA:25,5,0,2
BRDA:25,5,1,0
BRDA:30,6,0,2
BRDA:30,6,1,2
BRDA:50,7,0,3
BRDA:50,7,1,4
BRDA:50,8,0,7
BRDA:50,8,1,3
BRDA:54,9,0,4
BRDA:54,9,1,3
BRDA:56,10,0,1
BRDA:56,10,1,3
BRDA:56,11,0,4
BRDA:56,11,1,1
BRDA:61,12,0,3
BRDA:61,12,1,4
BRDA:62,13,0,1
BRDA:62,13,1,2
BRDA:71,14,0,5
BRDA:71,14,1,2
BRDA:82,15,0,0
BRDA:82,15,1,1
BRDA:82,16,0,1
BRDA:82,16,1,0
BRDA:91,17,0,0
BRDA:91,17,1,1
BRDA:91,18,0,1
BRDA:91,18,1,0
BRDA:102,19,0,0
BRDA:102,19,1,1
BRDA:102,20,0,1
BRDA:102,20,1,0
BRDA:111,21,0,0
BRDA:111,21,1,1
BRDA:111,22,0,1
BRDA:111,22,1,0
BRF:45
BRH:35
end_of_record
TN:
SF:/home/raquel/Escritorio/nova-blocks/src/sum.tsx
FN:1,sum
FNF:1
FNH:1
FNDA:1,sum
DA:2,1
DA:4,1
LF:2
LH:2
BRF:0
BRH:0
end_of_record
